<?xml version="1.0" encoding="UTF-8"?>
<!-- Generated by org.testng.reporters.JUnitReportReporter -->
<testsuite hostname="info-lap668" name="selTestNG.GroupsConceptInTestNG" tests="2" failures="0" timestamp="20 Sep 2020 04:02:53 GMT" time="0.015" errors="0">
  <testcase name="testCaseThree" time="0.015" classname="selTestNG.GroupsConceptInTestNG"/>
  <testcase name="testCasefive" time="0.000" classname="selTestNG.GroupsConceptInTestNG"/>
</testsuite> <!-- selTestNG.GroupsConceptInTestNG -->
