<?xml version="1.0" encoding="UTF-8"?>
<!-- Generated by org.testng.reporters.JUnitReportReporter -->
<testsuite hostname="info-lap668" name="selTestNG.IncludeExcludeConceptInTestNG" tests="1" failures="0" timestamp="20 Sep 2020 04:16:19 GMT" time="0.009" errors="0">
  <testcase name="addEmployeeTestCase" time="0.009" classname="selTestNG.IncludeExcludeConceptInTestNG"/>
</testsuite> <!-- selTestNG.IncludeExcludeConceptInTestNG -->
