<?xml version="1.0" encoding="UTF-8"?>
<!-- Generated by org.testng.reporters.JUnitReportReporter -->
<testsuite hostname="info-lap668" name="selTestNG.TestMultiplefile" tests="4" failures="0" timestamp="20 Sep 2020 03:39:55 GMT" time="0.004" errors="0">
  <testcase name="addKart" time="0.001" classname="selTestNG.TestMultiplefile"/>
  <testcase name="login" time="0.001" classname="selTestNG.TestMultiplefile"/>
  <testcase name="search" time="0.001" classname="selTestNG.TestMultiplefile"/>
  <testcase name="payment" time="0.001" classname="selTestNG.TestMultiplefile"/>
</testsuite> <!-- selTestNG.TestMultiplefile -->
