<?xml version="1.0" encoding="UTF-8"?>
<!-- Generated by org.testng.reporters.JUnitReportReporter -->
<testsuite hostname="info-lap668" name="selGrid.TestGrid" tests="2" failures="0" timestamp="3 Oct 2020 04:22:38 GMT" time="32.128" errors="0">
  <testcase name="loginTest" time="14.893" classname="selGrid.TestGrid"/>
  <testcase name="loginTest" time="17.235" classname="selGrid.TestGrid"/>
</testsuite> <!-- selGrid.TestGrid -->
