<?xml version="1.0" encoding="UTF-8"?>
<!-- Generated by org.testng.reporters.JUnitReportReporter -->
<testsuite hostname="info-lap668" name="selTestNG.LearningAnnotations" tests="1" failures="0" timestamp="11 Aug 2020 02:52:48 GMT" time="0.009" errors="0">
  <testcase name="TestFucn" time="0.009" classname="selTestNG.LearningAnnotations"/>
</testsuite> <!-- selTestNG.LearningAnnotations -->
